=== DP-GCN: nm=2.0, corrected Flax init ===
Using device: cuda
Reading node features from datasets/ogbn_arxiv/raw/node-feat.csv.gz...
Node features loaded: (169343, 128)
Reading node labels...
Node labels loaded: (169343,)
Reading edges...
Edges loaded: 1166243
Reading splits...
Splits: train=90941, val=29799, test=48603
Computing disjoint edge filter...
Disjoint filter: 1166243 -> 464361 edges
Num training nodes: 90941
Num total nodes: 169343
Num edges: 532308
Feature dim: 128
Building subgraphs...
Pre-computing subgraph weights...
Subgraphs built.
Model parameters: 27040
Estimating clipping thresholds from 10000 samples...
Clipping thresholds: {'encoder.layers.0.weight': 3.697627902030945, 'encoder.layers.0.bias': 1.440140426158905, 'core_hops.0.update_fn.layers.0.weight': 2.2614967226982117, 'core_hops.0.update_fn.layers.0.bias': 1.0176893174648285, 'decoder.layers.0.weight': 3.253721594810486, 'decoder.layers.0.bias': 0.9945138245820999}
Base sensitivity: 12.0
num_steps:   0, train_loss_after_init: 3.7201, train_accuracy_after_init: 3.6826, val_loss_after_init: 3.8358, val_accuracy_after_init: 2.6008, test_loss_after_init: 3.8876, test_accuracy_after_init: 2.4340, epsilon_after_init: 0.0000
num_steps:  50, train_loss: 2.4762, train_accuracy: 35.3152, val_loss: 2.4188, val_accuracy: 36.0146, test_loss: 2.4485, test_accuracy: 34.3168, epsilon: 3.4684
num_steps: 100, train_loss: 2.1261, train_accuracy: 44.2441, val_loss: 2.0720, val_accuracy: 45.3740, test_loss: 2.1023, test_accuracy: 44.7544, epsilon: 4.7603
num_steps: 150, train_loss: 1.9532, train_accuracy: 47.1558, val_loss: 1.9016, val_accuracy: 49.0285, test_loss: 1.9257, test_accuracy: 48.3838, epsilon: 5.8209
num_steps: 200, train_loss: 1.8433, train_accuracy: 49.6256, val_loss: 1.8105, val_accuracy: 51.3104, test_loss: 1.8372, test_accuracy: 50.5360, epsilon: 6.7557
num_steps: 250, train_loss: 1.7693, train_accuracy: 51.5400, val_loss: 1.7475, val_accuracy: 52.6662, test_loss: 1.7705, test_accuracy: 51.6985, epsilon: 7.6075
num_steps: 300, train_loss: 1.7125, train_accuracy: 52.7980, val_loss: 1.6988, val_accuracy: 53.7132, test_loss: 1.7162, test_accuracy: 52.7828, epsilon: 8.3993
num_steps: 350, train_loss: 1.6731, train_accuracy: 53.6590, val_loss: 1.6653, val_accuracy: 54.3038, test_loss: 1.6816, test_accuracy: 53.3095, epsilon: 9.1459
num_steps: 400, train_loss: 1.6461, train_accuracy: 54.2484, val_loss: 1.6430, val_accuracy: 54.8475, test_loss: 1.6567, test_accuracy: 53.7498, epsilon: 9.8536
num_steps: 450, train_loss: 1.6235, train_accuracy: 54.7432, val_loss: 1.6196, val_accuracy: 55.2267, test_loss: 1.6306, test_accuracy: 54.1983, epsilon: 10.5335
num_steps: 500, train_loss: 1.6032, train_accuracy: 55.1423, val_loss: 1.6055, val_accuracy: 55.3978, test_loss: 1.6169, test_accuracy: 54.3444, epsilon: 11.1874
num_steps: 550, train_loss: 1.5881, train_accuracy: 55.3513, val_loss: 1.5925, val_accuracy: 55.6294, test_loss: 1.6042, test_accuracy: 54.5584, epsilon: 11.8188
num_steps: 600, train_loss: 1.5802, train_accuracy: 55.5569, val_loss: 1.5838, val_accuracy: 55.8844, test_loss: 1.5907, test_accuracy: 55.0686, epsilon: 12.4298
num_steps: 650, train_loss: 1.5692, train_accuracy: 55.8241, val_loss: 1.5753, val_accuracy: 56.1596, test_loss: 1.5861, test_accuracy: 55.0542, epsilon: 13.0234
num_steps: 700, train_loss: 1.5634, train_accuracy: 55.9934, val_loss: 1.5726, val_accuracy: 56.3106, test_loss: 1.5831, test_accuracy: 55.1550, epsilon: 13.6032
Privacy budget exhausted at step 750, epsilon=14.1734
Time: 161s
