============================================================
DP-GCN Finetuning (Baseline)
============================================================
Latent size: 100
Num steps: 500
Batch size: 10000
Learning rate: 0.003
Noise multiplier: 4.0
Device: cuda
Seed: 0
============================================================
Reading node features from datasets/ogbn_arxiv/raw/node-feat.csv.gz...
Node features loaded: (169343, 128)
Reading node labels...
Node labels loaded: (169343,)
Reading edges...
Edges loaded: 1166243
Reading splits...
Splits: train=90941, val=29799, test=48603
Computing disjoint edge filter...
Disjoint filter: 1166243 -> 464361 edges
Num training nodes: 90941
Building subgraphs...
Model parameters: 27040
Estimating clipping thresholds from 10000 samples...
Clipping thresholds computed
Base sensitivity: 12.0
Initial: train_acc=3.68%, val_acc=2.60%
Step   50: ε=1.69, train=27.95%, val=29.63%, test=27.18%
Step  100: ε=2.19, train=37.09%, val=38.34%, test=37.93%
Step  150: ε=2.66, train=42.05%, val=43.46%, test=43.33%
Step  200: ε=3.08, train=43.86%, val=45.06%, test=44.22%
Step  250: ε=3.45, train=45.58%, val=46.83%, test=45.72%
Step  300: ε=3.79, train=46.94%, val=48.72%, test=47.95%
Step  350: ε=4.11, train=48.34%, val=50.17%, test=49.35%
Step  400: ε=4.42, train=49.36%, val=51.06%, test=50.44%
Step  450: ε=4.71, train=50.51%, val=52.13%, test=51.23%
Step  499: ε=4.98, train=51.30%, val=52.54%, test=51.68%

Best: step=499, val_acc=52.54%, test_acc=51.68%

Finetuning completed in 126.9s (2.1m)
